<?xml version="1.0" encoding="UTF-8"?>
<!-- Generated by org.testng.reporters.JUnitReportReporter -->
<testsuite hostname="LAPTOP-CVSNI0MP" failures="0" tests="2" name="tests.ActionClassExample" time="7.887" errors="0" timestamp="2023-04-06T21:39:11 EEST" skipped="0">
  <testcase classname="tests.ActionClassExample" name="gragAndDropTest" time="5.246"/>
  <system-out/>
  <testcase classname="tests.ActionClassExample" name="hoverExample" time="2.641"/>
  <system-out/>
</testsuite> <!-- tests.ActionClassExample -->
