<?xml version="1.0" encoding="UTF-8"?>
<!-- Generated by org.testng.reporters.JUnitReportReporter -->
<testsuite hostname="LAPTOP-CVSNI0MP" failures="0" tests="1" name="curs12.ImplicitWait" time="11.435" errors="0" timestamp="2023-04-20T08:06:15 EEST" skipped="0">
  <testcase classname="curs12.ImplicitWait" name="testWait" time="11.435"/>
  <system-out/>
</testsuite> <!-- curs12.ImplicitWait -->
