<?xml version="1.0" encoding="UTF-8"?>
<!-- Generated by org.testng.reporters.JUnitReportReporter -->
<testsuite hostname="LAPTOP-CVSNI0MP" failures="0" tests="1" name="tests.DropdownExample" time="6.941" errors="0" timestamp="2023-04-06T19:24:12 EEST" skipped="0">
  <testcase classname="tests.DropdownExample" name="selectByVisibleText" time="6.941"/>
  <system-out/>
</testsuite> <!-- tests.DropdownExample -->
