<?xml version="1.0" encoding="UTF-8"?>
<!-- Generated by org.testng.reporters.JUnitReportReporter -->
<testsuite hostname="LAPTOP-CVSNI0MP" failures="0" tests="2" name="Curs10.BeforeAfter" time="0.034" errors="0" timestamp="2023-03-23T19:49:24 EET" skipped="0">
  <testcase classname="Curs10.BeforeAfter" name="test2" time="0.011"/>
  <system-out/>
  <testcase classname="Curs10.BeforeAfter" name="test1" time="0.023"/>
  <system-out/>
</testsuite> <!-- Curs10.BeforeAfter -->
