<?xml version="1.0" encoding="UTF-8"?>
<!-- Generated by org.testng.reporters.JUnitReportReporter -->
<testsuite hostname="LAPTOP-CVSNI0MP" failures="0" tests="4" name="Curs9.SeleniumLocators" time="2.778" errors="0" timestamp="2023-04-19T15:12:08 EEST" skipped="0">
  <testcase classname="Curs9.SeleniumLocators" name="linkTextLocator" time="1.295"/>
  <system-out/>
  <testcase classname="Curs9.SeleniumLocators" name="partialLinkTextLocator" time="1.150"/>
  <system-out/>
  <testcase classname="Curs9.SeleniumLocators" name="ClassNameLocator" time="0.189"/>
  <system-out/>
  <testcase classname="Curs9.SeleniumLocators" name="nameLocator" time="0.144"/>
  <system-out/>
</testsuite> <!-- Curs9.SeleniumLocators -->
