<?xml version="1.0" encoding="UTF-8"?>
<!-- Generated by org.testng.reporters.JUnitReportReporter -->
<testsuite hostname="LAPTOP-CVSNI0MP" failures="0" tests="1" name="Curs9.FirstScript" time="16.412" errors="0" timestamp="2023-03-20T20:39:16 EET" skipped="0">
  <testcase classname="Curs9.FirstScript" name="openBrowser" time="16.412"/>
  <system-out/>
</testsuite> <!-- Curs9.FirstScript -->
