<?xml version="1.0" encoding="UTF-8"?>
<!-- Generated by org.testng.reporters.JUnitReportReporter -->
<testsuite hostname="LAPTOP-CVSNI0MP" failures="0" tests="1" name="curs11.IsSelectedExample" time="1.022" errors="0" timestamp="2023-04-19T19:46:26 EEST" skipped="0">
  <testcase classname="curs11.IsSelectedExample" name="isSelectedTest" time="1.022"/>
  <system-out/>
</testsuite> <!-- curs11.IsSelectedExample -->
