<?xml version="1.0" encoding="UTF-8"?>
<!-- Generated by org.testng.reporters.JUnitReportReporter -->
<testsuite hostname="LAPTOP-CVSNI0MP" failures="0" tests="3" name="tests.DropdownExample" time="15.252" errors="0" timestamp="2023-04-20T07:10:06 EEST" skipped="0">
  <testcase classname="tests.DropdownExample" name="selectByIndex" time="8.375"/>
  <system-out/>
  <testcase classname="tests.DropdownExample" name="selectByValueTest" time="3.695"/>
  <system-out/>
  <testcase classname="tests.DropdownExample" name="selectByVisibleText" time="3.182"/>
  <system-out/>
</testsuite> <!-- tests.DropdownExample -->
