<?xml version="1.0" encoding="UTF-8"?>
<!-- Generated by org.testng.reporters.JUnitReportReporter -->
<testsuite hostname="LAPTOP-CVSNI0MP" failures="0" tests="1" name="Curs10.Homework1" time="0.456" errors="0" timestamp="2023-04-19T14:51:49 EEST" skipped="0">
  <testcase classname="Curs10.Homework1" name="ClassNameLocator" time="0.456"/>
  <system-out/>
</testsuite> <!-- Curs10.Homework1 -->
