<?xml version="1.0" encoding="UTF-8"?>
<!-- Generated by org.testng.reporters.JUnitReportReporter -->
<testsuite hostname="LAPTOP-CVSNI0MP" failures="0" tests="3" name="curs11.JSAlertExample" time="17.618" errors="0" timestamp="2023-03-30T19:31:04 EEST" skipped="0">
  <testcase classname="curs11.JSAlertExample" name="simpleJsALert" time="4.924"/>
  <system-out/>
  <testcase classname="curs11.JSAlertExample" name="confirmJsAlert" time="4.804"/>
  <system-out/>
  <testcase classname="curs11.JSAlertExample" name="PromptJsAlert" time="7.890"/>
  <system-out/>
</testsuite> <!-- curs11.JSAlertExample -->
