<?xml version="1.0" encoding="UTF-8"?>
<!-- Generated by org.testng.reporters.JUnitReportReporter -->
<testsuite hostname="LAPTOP-CVSNI0MP" failures="0" tests="3" name="Curs10.SeleniumLocators2" time="5.618" errors="0" timestamp="2023-03-27T18:07:27 EEST" skipped="0">
  <testcase classname="Curs10.SeleniumLocators2" name="idLocator" time="3.756"/>
  <system-out/>
  <testcase classname="Curs10.SeleniumLocators2" name="cssLocator" time="1.013"/>
  <system-out/>
  <testcase classname="Curs10.SeleniumLocators2" name="xpathLocator" time="0.849"/>
  <system-out/>
</testsuite> <!-- Curs10.SeleniumLocators2 -->
