<?xml version="1.0" encoding="UTF-8"?>
<!-- Generated by org.testng.reporters.JUnitReportReporter -->
<testsuite hostname="LAPTOP-CVSNI0MP" failures="0" tests="1" name="tests.XpathExample2" time="1.020" errors="0" timestamp="2023-04-20T20:13:02 EEST" skipped="0">
  <testcase classname="tests.XpathExample2" name="xpathExample" time="1.020"/>
  <system-out/>
</testsuite> <!-- tests.XpathExample2 -->
