<?xml version="1.0" encoding="UTF-8"?>
<!-- Generated by org.testng.reporters.JUnitReportReporter -->
<testsuite hostname="LAPTOP-CVSNI0MP" failures="0" tests="4" name="Curs9.SeleniumLocators" time="4.358" errors="0" timestamp="2023-03-20T21:39:25 EET" skipped="0">
  <testcase classname="Curs9.SeleniumLocators" name="linkTextLocator" time="2.241"/>
  <system-out/>
  <testcase classname="Curs9.SeleniumLocators" name="partialLinkTextLocator" time="1.766"/>
  <system-out/>
  <testcase classname="Curs9.SeleniumLocators" name="ClassNameLocator" time="0.132"/>
  <system-out/>
  <testcase classname="Curs9.SeleniumLocators" name="nameLocator" time="0.219"/>
  <system-out/>
</testsuite> <!-- Curs9.SeleniumLocators -->
