<?xml version="1.0" encoding="UTF-8"?>
<!-- Generated by org.testng.reporters.JUnitReportReporter -->
<testsuite hostname="LAPTOP-CVSNI0MP" failures="0" tests="1" name="tests.Tema15" time="4.844" errors="0" timestamp="2023-04-13T08:20:10 EEST" skipped="0">
  <testcase classname="tests.Tema15" name="navigateBlog" time="4.844"/>
  <system-out/>
</testsuite> <!-- tests.Tema15 -->
