<?xml version="1.0" encoding="UTF-8"?>
<!-- Generated by org.testng.reporters.JUnitReportReporter -->
<testsuite hostname="LAPTOP-CVSNI0MP" failures="0" tests="3" name="Curs10.SeleniumLocators2" time="5.726" errors="0" timestamp="2023-03-30T08:40:03 EEST" skipped="0">
  <testcase classname="Curs10.SeleniumLocators2" name="idLocator" time="3.953"/>
  <system-out/>
  <testcase classname="Curs10.SeleniumLocators2" name="cssLocator" time="0.689"/>
  <system-out/>
  <testcase classname="Curs10.SeleniumLocators2" name="xpathLocator" time="1.084"/>
  <system-out/>
</testsuite> <!-- Curs10.SeleniumLocators2 -->
