<?xml version="1.0" encoding="UTF-8"?>
<!-- Generated by org.testng.reporters.JUnitReportReporter -->
<testsuite hostname="LAPTOP-CVSNI0MP" failures="0" tests="1" name="tests.NavigationExample" time="6.999" errors="0" timestamp="2023-04-10T20:21:21 EEST" skipped="0">
  <testcase classname="tests.NavigationExample" name="navigateTest" time="6.999"/>
  <system-out/>
</testsuite> <!-- tests.NavigationExample -->
