<?xml version="1.0" encoding="UTF-8"?>
<!-- Generated by org.testng.reporters.JUnitReportReporter -->
<testsuite hostname="LAPTOP-CVSNI0MP" failures="0" tests="1" name="Curs10.AssertionExample" time="0.032" errors="0" timestamp="2023-03-23T20:16:52 EET" skipped="0">
  <testcase classname="Curs10.AssertionExample" name="checkTitle" time="0.032"/>
  <system-out/>
</testsuite> <!-- Curs10.AssertionExample -->
