<?xml version="1.0" encoding="UTF-8"?>
<!-- Generated by org.testng.reporters.JUnitReportReporter -->
<testsuite hostname="LAPTOP-CVSNI0MP" failures="0" tests="1" name="tests.JsexecutorExample" time="2.346" errors="0" timestamp="2023-04-10T21:32:34 EEST" skipped="0">
  <testcase classname="tests.JsexecutorExample" name="jsExample" time="2.346"/>
  <system-out/>
</testsuite> <!-- tests.JsexecutorExample -->
