<?xml version="1.0" encoding="UTF-8"?>
<!-- Generated by org.testng.reporters.JUnitReportReporter -->
<testsuite hostname="LAPTOP-CVSNI0MP" failures="0" tests="1" name="tests.LoginTest" time="9.739" errors="0" timestamp="2023-04-13T19:40:04 EEST" skipped="0">
  <testcase classname="tests.LoginTest" name="loginTest" time="9.739"/>
  <system-out/>
</testsuite> <!-- tests.LoginTest -->
