<?xml version="1.0" encoding="UTF-8"?>
<!-- Generated by org.testng.reporters.JUnitReportReporter -->
<testsuite hostname="LAPTOP-CVSNI0MP" failures="0" tests="1" name="Curs10.FindElements" time="2.996" errors="0" timestamp="2023-03-29T08:11:05 EEST" skipped="0">
  <testcase classname="Curs10.FindElements" name="findElements" time="2.996"/>
  <system-out/>
</testsuite> <!-- Curs10.FindElements -->
