<?xml version="1.0" encoding="UTF-8"?>
<!-- Generated by org.testng.reporters.JUnitReportReporter -->
<testsuite hostname="LAPTOP-CVSNI0MP" failures="0" tests="1" name="curs11.IsSelectedExample" time="1.340" errors="0" timestamp="2023-03-29T08:45:04 EEST" skipped="0">
  <testcase classname="curs11.IsSelectedExample" name="isSelectedTest" time="1.340"/>
  <system-out/>
</testsuite> <!-- curs11.IsSelectedExample -->
