<?xml version="1.0" encoding="UTF-8"?>
<!-- Generated by org.testng.reporters.JUnitReportReporter -->
<testsuite hostname="LAPTOP-CVSNI0MP" failures="0" tests="1" name="Curs10.FindElements" time="16.202" errors="0" timestamp="2023-04-19T18:12:49 EEST" skipped="0">
  <testcase classname="Curs10.FindElements" name="findElements" time="16.202"/>
  <system-out/>
</testsuite> <!-- Curs10.FindElements -->
