<?xml version="1.0" encoding="UTF-8"?>
<!-- Generated by org.testng.reporters.JUnitReportReporter -->
<testsuite hostname="LAPTOP-CVSNI0MP" failures="0" tests="1" name="curs11.JSAlertExample" time="6.650" errors="0" timestamp="2023-03-30T07:58:05 EEST" skipped="0">
  <testcase classname="curs11.JSAlertExample" name="simpleJsALert" time="6.650"/>
  <system-out/>
</testsuite> <!-- curs11.JSAlertExample -->
