<?xml version="1.0" encoding="UTF-8"?>
<!-- Generated by org.testng.reporters.JUnitReportReporter -->
<testsuite hostname="LAPTOP-CVSNI0MP" failures="0" tests="3" name="Curs10.TestPriority" time="0.049" errors="0" timestamp="2023-03-23T19:58:26 EET" skipped="0">
  <testcase classname="Curs10.TestPriority" name="one" time="0.042"/>
  <system-out/>
  <testcase classname="Curs10.TestPriority" name="two" time="0.002"/>
  <system-out/>
  <testcase classname="Curs10.TestPriority" name="three" time="0.005"/>
  <system-out/>
</testsuite> <!-- Curs10.TestPriority -->
