<?xml version="1.0" encoding="UTF-8"?>
<!-- Generated by org.testng.reporters.JUnitReportReporter -->
<testsuite hostname="LAPTOP-CVSNI0MP" failures="0" tests="4" name="Curs9.SeleniumLocators" time="6.131" errors="0" timestamp="2023-03-25T15:34:50 EET" skipped="0">
  <testcase classname="Curs9.SeleniumLocators" name="linkTextLocator" time="3.165"/>
  <system-out/>
  <testcase classname="Curs9.SeleniumLocators" name="partialLinkTextLocator" time="2.447"/>
  <system-out/>
  <testcase classname="Curs9.SeleniumLocators" name="ClassNameLocator" time="0.305"/>
  <system-out/>
  <testcase classname="Curs9.SeleniumLocators" name="nameLocator" time="0.214"/>
  <system-out/>
</testsuite> <!-- Curs9.SeleniumLocators -->
