<?xml version="1.0" encoding="UTF-8"?>
<!-- Generated by org.testng.reporters.JUnitReportReporter -->
<testsuite hostname="LAPTOP-CVSNI0MP" failures="0" tests="1" name="tests.IFrameExample" time="15.036" errors="0" timestamp="2023-04-06T19:10:42 EEST" skipped="0">
  <testcase classname="tests.IFrameExample" name="iframeTest" time="15.036"/>
  <system-out/>
</testsuite> <!-- tests.IFrameExample -->
