<?xml version="1.0" encoding="UTF-8"?>
<!-- Generated by org.testng.reporters.JUnitReportReporter -->
<testsuite hostname="LAPTOP-CVSNI0MP" failures="0" tests="1" name="tests.JsexecutorExample" time="2.095" errors="0" timestamp="2023-04-13T07:26:12 EEST" skipped="0">
  <testcase classname="tests.JsexecutorExample" name="jsExample" time="2.095"/>
  <system-out/>
</testsuite> <!-- tests.JsexecutorExample -->
