<?xml version="1.0" encoding="UTF-8"?>
<!-- Generated by org.testng.reporters.JUnitReportReporter -->
<testsuite hostname="LAPTOP-CVSNI0MP" failures="0" tests="1" name="tests.ActionClassExample" time="8.654" errors="0" timestamp="2023-04-10T20:09:57 EEST" skipped="0">
  <testcase classname="tests.ActionClassExample" name="doubleClickExample" time="8.654"/>
  <system-out/>
</testsuite> <!-- tests.ActionClassExample -->
